<?xml version="1.0" encoding="UTF-8"?>
<!-- Generated by org.testng.reporters.JUnitReportReporter -->
<testsuite hostname="RGCWP16JWC" failures="0" tests="5" name="scenario.RestAssuredTest" time="1.672" errors="0" timestamp="2024-11-25T20:40:00 WIB" skipped="0">
  <testcase classname="scenario.RestAssuredTest" name="AddObject" time="0.650"/>
  <system-out/>
  <testcase classname="scenario.RestAssuredTest" name="GetAllObjects" time="0.184"/>
  <system-out/>
  <testcase classname="scenario.RestAssuredTest" name="UpdateObject" time="0.359"/>
  <system-out/>
  <testcase classname="scenario.RestAssuredTest" name="DeleteDataObject" time="0.295"/>
  <system-out/>
  <testcase classname="scenario.RestAssuredTest" name="GetAllObjectsByIds" time="0.184"/>
  <system-out/>
</testsuite> <!-- scenario.RestAssuredTest -->
